\BOOKMARK [1][-]{Doc-Start}{Introduction}{}% 1
\BOOKMARK [2][-]{section*.1}{Partial Traces of Pure States}{Doc-Start}% 2
\BOOKMARK [2][-]{equation.0.10}{Transverse Field Ising Model}{Doc-Start}% 3
\BOOKMARK [2][-]{equation.0.24}{Anisotropic Heisenberg Model}{Doc-Start}% 4
\BOOKMARK [1][-]{section.1}{Transverse Field Ising Model}{}% 5
\BOOKMARK [2][-]{subsection.1.1}{Transverse Field Ising Model Energy Spectrum}{section.1}% 6
\BOOKMARK [2][-]{subsection.1.2}{Transverse Field Ising Model Order Parameter}{section.1}% 7
\BOOKMARK [2][-]{subsection.1.3}{Transverse Field Ising Evidence of Phase Transition}{section.1}% 8
\BOOKMARK [2][-]{subsection.1.4}{Transverse Field Ising Model Finite Size Scaling of Gap}{section.1}% 9
\BOOKMARK [1][-]{section.2}{Anisotropic Heisenberg Models}{}% 10
\BOOKMARK [2][-]{subsection.2.1}{Anisotropic Heisenberg Model Subspaces}{section.2}% 11
\BOOKMARK [2][-]{subsection.2.2}{Anisotropic Heisenberg Model Ground State Energy}{section.2}% 12
\BOOKMARK [1][-]{section.3}{Entanglement Entropy and Central Charges}{}% 13
\BOOKMARK [2][-]{subsection.3.1}{Transverse Field Ising Model Entanglement Scaling}{section.3}% 14
\BOOKMARK [2][-]{subsection.3.2}{XY Model Entanglement Scaling}{section.3}% 15
\BOOKMARK [2][-]{subsection.3.3}{AH Model Entanglement Scaling}{section.3}% 16
\BOOKMARK [2][-]{subsection.3.4}{Anisotropic Heisenberg Model Entanglement Scaling}{section.3}% 17
\BOOKMARK [1][-]{section.4}{Entanglement Entropy and Central Charges}{}% 18
\BOOKMARK [2][-]{subsection.4.1}{Eigenstate Thermalization Hypothesis and Many Body Thermalization}{section.4}% 19
\BOOKMARK [2][-]{subsection.4.2}{Random Field Heisenberg Model Area and Volume Law Entanglement Scaling}{section.4}% 20
\BOOKMARK [1][-]{figure.caption.12}{Numerical Methods}{}% 21
\BOOKMARK [1][-]{figure.caption.12}{Conclusions}{}% 22
\BOOKMARK [1][-]{figure.caption.12}{Bibliography}{}% 23
